<?xml version="1.0" encoding="UTF-8"?>
<!-- Generated by org.testng.reporters.JUnitXMLReporter -->
<testsuite ignored="0" hostname="LAPTOP-NT62VGN0" failures="0" tests="4" name="Default test" time="5.075" errors="0" timestamp="2023-06-08T23:25:24 EDT">
  <testcase classname="api.test.UserTests" name="testPostUser" time="2.169"/>
  <testcase classname="api.test.UserTests" name="testGetUserByName" time="0.287"/>
  <testcase classname="api.test.UserTests" name="testUpdateUserByName" time="0.535"/>
  <testcase classname="api.test.UserTests" name="testDeleteUserByName" time="0.231"/>
</testsuite> <!-- Default test -->
