<?xml version="1.0" encoding="UTF-8"?>
<testng-results ignored="0" total="10" passed="10" failed="0" skipped="0">
  <reporter-output>
  </reporter-output>
  <suite started-at="2023-06-10T10:15:15 EDT" name="PetSuite" finished-at="2023-06-10T10:15:23 EDT" duration-ms="7846">
    <groups>
    </groups>
    <test started-at="2023-06-10T10:15:15 EDT" name="PetTests" finished-at="2023-06-10T10:15:23 EDT" duration-ms="7846">
      <class name="api.test.DDTest">
        <test-method signature="testPostuser(java.lang.String,java.lang.String,java.lang.String,java.lang.String,java.lang.String,java.lang.String,java.lang.String)[pri:1, instance:api.test.DDTest@7b36aa0c]" started-at="2023-06-10T10:15:22 EDT" name="testPostuser" data-provider="Data" finished-at="2023-06-10T10:15:22 EDT" duration-ms="208" status="PASS">
          <params>
            <param index="0">
              <value>
                <![CDATA[1010]]>
              </value>
            </param>
            <param index="1">
              <value>
                <![CDATA[testuser1]]>
              </value>
            </param>
            <param index="2">
              <value>
                <![CDATA[Jayul]]>
              </value>
            </param>
            <param index="3">
              <value>
                <![CDATA[Patel]]>
              </value>
            </param>
            <param index="4">
              <value>
                <![CDATA[a@gmail.com]]>
              </value>
            </param>
            <param index="5">
              <value>
                <![CDATA[test@1]]>
              </value>
            </param>
            <param index="6">
              <value>
                <![CDATA[4372218747]]>
              </value>
            </param>
          </params>
          <reporter-output>
          </reporter-output>
        </test-method> <!-- testPostuser -->
        <test-method signature="testPostuser(java.lang.String,java.lang.String,java.lang.String,java.lang.String,java.lang.String,java.lang.String,java.lang.String)[pri:1, instance:api.test.DDTest@7b36aa0c]" started-at="2023-06-10T10:15:22 EDT" name="testPostuser" data-provider="Data" finished-at="2023-06-10T10:15:22 EDT" duration-ms="185" status="PASS">
          <params>
            <param index="0">
              <value>
                <![CDATA[1020]]>
              </value>
            </param>
            <param index="1">
              <value>
                <![CDATA[testuser2]]>
              </value>
            </param>
            <param index="2">
              <value>
                <![CDATA[Shreyul]]>
              </value>
            </param>
            <param index="3">
              <value>
                <![CDATA[Patel]]>
              </value>
            </param>
            <param index="4">
              <value>
                <![CDATA[b@gmail.com]]>
              </value>
            </param>
            <param index="5">
              <value>
                <![CDATA[test@2]]>
              </value>
            </param>
            <param index="6">
              <value>
                <![CDATA[1234567898]]>
              </value>
            </param>
          </params>
          <reporter-output>
          </reporter-output>
        </test-method> <!-- testPostuser -->
        <test-method signature="testPostuser(java.lang.String,java.lang.String,java.lang.String,java.lang.String,java.lang.String,java.lang.String,java.lang.String)[pri:1, instance:api.test.DDTest@7b36aa0c]" started-at="2023-06-10T10:15:22 EDT" name="testPostuser" data-provider="Data" finished-at="2023-06-10T10:15:22 EDT" duration-ms="211" status="PASS">
          <params>
            <param index="0">
              <value>
                <![CDATA[1030]]>
              </value>
            </param>
            <param index="1">
              <value>
                <![CDATA[testuser3]]>
              </value>
            </param>
            <param index="2">
              <value>
                <![CDATA[Hrishi]]>
              </value>
            </param>
            <param index="3">
              <value>
                <![CDATA[Patel]]>
              </value>
            </param>
            <param index="4">
              <value>
                <![CDATA[c@gmail.com]]>
              </value>
            </param>
            <param index="5">
              <value>
                <![CDATA[test@3]]>
              </value>
            </param>
            <param index="6">
              <value>
                <![CDATA[4365658796]]>
              </value>
            </param>
          </params>
          <reporter-output>
          </reporter-output>
        </test-method> <!-- testPostuser -->
        <test-method signature="testDeleteUserByName(java.lang.String)[pri:2, instance:api.test.DDTest@7b36aa0c]" started-at="2023-06-10T10:15:22 EDT" name="testDeleteUserByName" data-provider="UserNames" finished-at="2023-06-10T10:15:23 EDT" duration-ms="181" status="PASS">
          <params>
            <param index="0">
              <value>
                <![CDATA[testuser1]]>
              </value>
            </param>
          </params>
          <reporter-output>
          </reporter-output>
        </test-method> <!-- testDeleteUserByName -->
        <test-method signature="testDeleteUserByName(java.lang.String)[pri:2, instance:api.test.DDTest@7b36aa0c]" started-at="2023-06-10T10:15:23 EDT" name="testDeleteUserByName" data-provider="UserNames" finished-at="2023-06-10T10:15:23 EDT" duration-ms="191" status="PASS">
          <params>
            <param index="0">
              <value>
                <![CDATA[testuser2]]>
              </value>
            </param>
          </params>
          <reporter-output>
          </reporter-output>
        </test-method> <!-- testDeleteUserByName -->
        <test-method signature="testDeleteUserByName(java.lang.String)[pri:2, instance:api.test.DDTest@7b36aa0c]" started-at="2023-06-10T10:15:23 EDT" name="testDeleteUserByName" data-provider="UserNames" finished-at="2023-06-10T10:15:23 EDT" duration-ms="215" status="PASS">
          <params>
            <param index="0">
              <value>
                <![CDATA[testuser3]]>
              </value>
            </param>
          </params>
          <reporter-output>
          </reporter-output>
        </test-method> <!-- testDeleteUserByName -->
      </class> <!-- api.test.DDTest -->
      <class name="api.test.UserTests2">
        <test-method is-config="true" signature="setup()[pri:0, instance:api.test.UserTests2@a38c7fe]" started-at="2023-06-10T10:15:16 EDT" name="setup" finished-at="2023-06-10T10:15:17 EDT" duration-ms="1108" status="PASS">
          <reporter-output>
          </reporter-output>
        </test-method> <!-- setup -->
        <test-method signature="testPostUser()[pri:1, instance:api.test.UserTests2@a38c7fe]" started-at="2023-06-10T10:15:17 EDT" name="testPostUser" finished-at="2023-06-10T10:15:19 EDT" duration-ms="1853" status="PASS">
          <reporter-output>
          </reporter-output>
        </test-method> <!-- testPostUser -->
        <test-method signature="testGetUserByName()[pri:2, instance:api.test.UserTests2@a38c7fe]" started-at="2023-06-10T10:15:19 EDT" name="testGetUserByName" finished-at="2023-06-10T10:15:19 EDT" duration-ms="247" status="PASS">
          <reporter-output>
          </reporter-output>
        </test-method> <!-- testGetUserByName -->
        <test-method signature="testUpdateUserByName()[pri:3, instance:api.test.UserTests2@a38c7fe]" started-at="2023-06-10T10:15:19 EDT" name="testUpdateUserByName" finished-at="2023-06-10T10:15:19 EDT" duration-ms="462" status="PASS">
          <reporter-output>
          </reporter-output>
        </test-method> <!-- testUpdateUserByName -->
        <test-method signature="testDeleteUserByName()[pri:4, instance:api.test.UserTests2@a38c7fe]" started-at="2023-06-10T10:15:19 EDT" name="testDeleteUserByName" finished-at="2023-06-10T10:15:20 EDT" duration-ms="249" status="PASS">
          <reporter-output>
          </reporter-output>
        </test-method> <!-- testDeleteUserByName -->
      </class> <!-- api.test.UserTests2 -->
    </test> <!-- PetTests -->
  </suite> <!-- PetSuite -->
</testng-results>
