<?xml version="1.0" encoding="UTF-8"?>
<!-- Generated by org.testng.reporters.JUnitXMLReporter -->
<testsuite ignored="0" hostname="LAPTOP-NT62VGN0" failures="0" tests="10" name="PetTests" time="8.065" errors="0" timestamp="2023-06-10T10:43:48 EDT">
  <testcase classname="api.test.UserTests2" name="testPostUser" time="2.787"/>
  <testcase classname="api.test.UserTests2" name="testGetUserByName" time="0.261"/>
  <testcase classname="api.test.UserTests2" name="testUpdateUserByName" time="0.463"/>
  <testcase classname="api.test.UserTests2" name="testDeleteUserByName" time="0.21"/>
  <testcase classname="api.test.DDTest" name="testPostuser" time="0.219"/>
  <testcase classname="api.test.DDTest" name="testPostuser" time="0.212"/>
  <testcase classname="api.test.DDTest" name="testPostuser" time="0.2"/>
  <testcase classname="api.test.DDTest" name="testDeleteUserByName" time="0.195"/>
  <testcase classname="api.test.DDTest" name="testDeleteUserByName" time="0.219"/>
  <testcase classname="api.test.DDTest" name="testDeleteUserByName" time="0.303"/>
</testsuite> <!-- PetTests -->
