<?xml version="1.0" encoding="UTF-8"?>
<!-- Generated by org.testng.reporters.JUnitXMLReporter -->
<testsuite ignored="0" hostname="LAPTOP-NT62VGN0" failures="0" tests="10" name="PetTests" time="7.846" errors="0" timestamp="2023-06-10T10:15:24 EDT">
  <testcase classname="api.test.UserTests2" name="testPostUser" time="1.853"/>
  <testcase classname="api.test.UserTests2" name="testGetUserByName" time="0.247"/>
  <testcase classname="api.test.UserTests2" name="testUpdateUserByName" time="0.462"/>
  <testcase classname="api.test.UserTests2" name="testDeleteUserByName" time="0.249"/>
  <testcase classname="api.test.DDTest" name="testPostuser" time="0.208"/>
  <testcase classname="api.test.DDTest" name="testPostuser" time="0.185"/>
  <testcase classname="api.test.DDTest" name="testPostuser" time="0.211"/>
  <testcase classname="api.test.DDTest" name="testDeleteUserByName" time="0.181"/>
  <testcase classname="api.test.DDTest" name="testDeleteUserByName" time="0.191"/>
  <testcase classname="api.test.DDTest" name="testDeleteUserByName" time="0.215"/>
</testsuite> <!-- PetTests -->
